2017-03-17 09:48:13 -  - exec CUpdateClientPartner::SearchModulesEx
2017-03-17 09:48:13 -  - exec CUpdateClientPartner::__CollectRequestData
2017-03-17 09:48:13 -  - utf=Y&lang=ru&stable=Y&CANGZIP=Y&SUPD_DBS=MYSQL&XE=N&CLIENT_SITE=test&LICENSE_KEY=X&SUPD_STS=1&SUPD_URS=0&SUPD_URSA=1&TYPENC=D&CLIENT_PHPVER=7.0.14&NGINX=Y&dbv=5.7.16&instm=main%2C16.5.4%2CY%3Bbitrix.sitecorporate%2C15.0.0%2CN%3Bbitrix.siteinfoportal%2C15.0.0%2CN%3Bbitrix.sitepersonal%2C15.0.0%2CN%3Bbitrixcloud%2C16.0.0%2CN%3Bblog%2C16.5.4%2CN%3Bclouds%2C16.0.1%2CN%3Bcompression%2C16.0.0%2CN%3Bfileman%2C16.5.4%2CN%3Bform%2C15.0.2%2CN%3Bforum%2C16.5.2%2CN%3Bhighloadblock%2C16.0.2%2CN%3Biblock%2C16.5.2%2CN%3Bmobileapp%2C16.0.5%2CN%3Bperfmon%2C16.0.0%2CN%3Bphotogallery%2C16.0.1%2CN%3Bscale%2C16.0.0%2CN%3Bsearch%2C16.0.0%2CN%3Bsecurity%2C16.0.3%2CN%3Bseo%2C16.0.3%2CN%3Bsocialservices%2C16.5.4%2CN%3Bsubscribe%2C16.0.0%2CN%3Btranslate%2C14.5.0%2CN%3Bvote%2C15.5.0%2CN&search_module_id=&search_module=&search_category=7%2C14&search_type=&search_order=DESC&search_order_by=SORT&search_page=1&SUPD_SRS=RU&SUPD_CMP=N
2017-03-17 09:48:13 -  - exec CUpdateClientPartner::GetHTTPPage
2017-03-17 09:48:15 -  - TIME SearchModulesEx(request) 1.944 sec
2017-03-17 09:48:15 -  - exec CUpdateClientPartner::ParseServerData
2017-03-17 09:48:31 -  - exec CUpdateClientPartner::LoadModulesUpdates
2017-03-17 09:48:31 -  - exec CUpdateClientPartner::__CollectRequestData
2017-03-17 09:48:31 -  - utf=Y&lang=ru&stable=Y&CANGZIP=Y&SUPD_DBS=MYSQL&XE=N&CLIENT_SITE=test&LICENSE_KEY=X&SUPD_STS=1&SUPD_URS=0&SUPD_URSA=1&TYPENC=D&CLIENT_PHPVER=7.0.14&NGINX=Y&dbv=5.7.16&instm=main%2C16.5.4%2CY%3Bbitrix.sitecorporate%2C15.0.0%2CN%3Bbitrix.siteinfoportal%2C15.0.0%2CN%3Bbitrix.sitepersonal%2C15.0.0%2CN%3Bbitrixcloud%2C16.0.0%2CN%3Bblog%2C16.5.4%2CN%3Bclouds%2C16.0.1%2CN%3Bcompression%2C16.0.0%2CN%3Bfileman%2C16.5.4%2CN%3Bform%2C15.0.2%2CN%3Bforum%2C16.5.2%2CN%3Bhighloadblock%2C16.0.2%2CN%3Biblock%2C16.5.2%2CN%3Bmobileapp%2C16.0.5%2CN%3Bperfmon%2C16.0.0%2CN%3Bphotogallery%2C16.0.1%2CN%3Bscale%2C16.0.0%2CN%3Bsearch%2C16.0.0%2CN%3Bsecurity%2C16.0.3%2CN%3Bseo%2C16.0.3%2CN%3Bsocialservices%2C16.5.4%2CN%3Bsubscribe%2C16.0.0%2CN%3Btranslate%2C14.5.0%2CN%3Bvote%2C15.5.0%2CN&reqm=nsandrey.emptyinstall&lim=Y&SUPD_SRS=RU&SUPD_CMP=N
2017-03-17 09:48:31 -  - exec CUpdateClientPartner::GetHTTPPage
2017-03-17 09:48:31 -  - TIME LoadModulesUpdates(request) 0.397 sec
2017-03-17 09:48:31 -  - exec CUpdateClientPartner::ParseServerData
2017-03-17 09:48:31 - S - STEP
2017-03-17 09:48:31 - LM4W01 - loadModule4Wizard-Step
2017-03-17 09:48:31 -  - exec CUpdateClientPartner::LoadModulesUpdates
2017-03-17 09:48:31 -  - exec CUpdateClientPartner::ParseServerData
2017-03-17 09:48:31 -  - loadFile
2017-03-17 09:48:32 - U - RETURN
2017-03-17 09:48:32 -  - exec CUpdateClientPartner::UnGzipArchive
2017-03-17 09:48:32 -  - TIME UnGzipArchive 0.16 sec
2017-03-17 09:48:32 -  - TIME UpdateStepModules 0.152 sec
2017-03-17 09:48:32 -  - exec CUpdateClientPartner::LoadModulesUpdates
2017-03-17 09:48:32 -  - exec CUpdateClientPartner::__CollectRequestData
2017-03-17 09:48:32 -  - utf=Y&lang=ru&stable=Y&CANGZIP=Y&SUPD_DBS=MYSQL&XE=N&CLIENT_SITE=test&LICENSE_KEY=X&SUPD_STS=1&SUPD_URS=0&SUPD_URSA=1&TYPENC=D&CLIENT_PHPVER=7.0.14&NGINX=Y&dbv=5.7.16&instm=main%2C16.5.4%2CY%3Bbitrix.sitecorporate%2C15.0.0%2CN%3Bbitrix.siteinfoportal%2C15.0.0%2CN%3Bbitrix.sitepersonal%2C15.0.0%2CN%3Bbitrixcloud%2C16.0.0%2CN%3Bblog%2C16.5.4%2CN%3Bclouds%2C16.0.1%2CN%3Bcompression%2C16.0.0%2CN%3Bfileman%2C16.5.4%2CN%3Bform%2C15.0.2%2CN%3Bforum%2C16.5.2%2CN%3Bhighloadblock%2C16.0.2%2CN%3Biblock%2C16.5.2%2CN%3Bmobileapp%2C16.0.5%2CN%3Bnsandrey.emptyinstall%2C1.0.2%2CN%3Bperfmon%2C16.0.0%2CN%3Bphotogallery%2C16.0.1%2CN%3Bscale%2C16.0.0%2CN%3Bsearch%2C16.0.0%2CN%3Bsecurity%2C16.0.3%2CN%3Bseo%2C16.0.3%2CN%3Bsocialservices%2C16.5.4%2CN%3Bsubscribe%2C16.0.0%2CN%3Btranslate%2C14.5.0%2CN%3Bvote%2C15.5.0%2CN&reqm=nsandrey.emptyinstall&lim=Y&SUPD_SRS=RU&SUPD_CMP=N
2017-03-17 09:48:32 -  - exec CUpdateClientPartner::GetHTTPPage
2017-03-17 09:48:33 -  - TIME LoadModulesUpdates(request) 0.333 sec
2017-03-17 09:48:33 -  - exec CUpdateClientPartner::ParseServerData
2017-03-17 09:48:33 - STEP - Finish - NOUPDATES
2017-03-17 09:48:33 - LM4W03 - Finish - NOUPDATES
