2017-Mar-20 08:22:18 Наличие необходимых модулей php (check_php_modules): Ok
Все необходимые модули установлены
2017-Mar-20 08:22:18 Обязательные параметры PHP (check_php_settings): Fail
Ошибка! Значение max_input_vars должно быть не ниже 10000. Текущее значение: 1000
2017-Mar-20 08:22:18 Модули веб-сервера (check_security): Ok
Конфликтов не выявлено
2017-Mar-20 08:22:18 Значения переменных сервера (check_server_vars): Fail
Ошибка! Текущий домен не валидный (test). Может содержать только цифры, латинские буквы и дефис. Должен содержать точку.
2017-Mar-20 08:22:18 Сохранение сессии (check_session): Ok
50% done
2017-Mar-20 08:22:18 Сохранение сессии (check_session): Ok
Успешно
2017-Mar-20 08:22:18 Параметры настройки UTF (mbstring и константа BX_UTF) (check_mbstring): Ok
Правильные. Сайт работает в UTF кодировке
2017-Mar-20 08:22:19 Служебные скрипты в корне сайта (check_install_scripts): Ok
Отсутствуют
2017-Mar-20 08:22:19 Работа с сокетами (check_socket): Ok
Connection to test:80	Success

Успешно
2017-Mar-20 08:22:19 Параметры подключения к базе данных (check_dbconn_settings): Ok
Успешно
2017-Mar-20 08:22:19 Лишний вывод в файлах конфигурации (check_dbconn): Ok
Connection to test:80	Success

Успешно
2017-Mar-20 08:22:19 Выполнение агентов на cron (check_bx_crontab): Warning
Замечание. Агенты выполняются на хитах, рекомендуется перевести выполнение агентов на cron
2017-Mar-20 08:22:19 Сохранение сессии без UserAgent (check_session_ua): Ok
50% done
Connection to test:80	Success

2017-Mar-20 08:22:20 Сохранение сессии без UserAgent (check_session_ua): Ok
Connection to test:80	Success

Успешно
2017-Mar-20 08:22:20 Настройки сайтов (check_sites): Ok
Правильные
2017-Mar-20 08:22:20 Передача объектов по ссылке (check_clone): Ok
Успешно
2017-Mar-20 08:22:20 Размер стека и pcre.recursion_limit (check_pcre_recursion): Warning
Connection to test:80	Success

Замечание. Возможны проблемы в работе с длинными строками из-за системных ограничений
2017-Mar-20 08:22:20 Вызов method_exists на строке (check_method_exists): Ok
Connection to test:80	Success

Успешно
2017-Mar-20 08:22:20 Загрузка файла (check_upload): Ok
Connection to test:80	Success

Успешно
2017-Mar-20 08:22:21 Загрузка файла больше 4Мб (check_upload_big): Ok
Connection to test:80	Success

Успешно
2017-Mar-20 08:22:21 Загрузка файла через php://input (check_upload_raw): Ok
Connection to test:80	Success

Успешно
2017-Mar-20 08:22:21 Передача POST запроса с большим числом параметров (check_post): Ok
Connection to test:80	Success

Успешно
2017-Mar-20 08:22:21 Отправка почты (check_mail): Ok
Успешно
2017-Mar-20 08:22:21 Отправка почтового сообщения больше 64Кб (check_mail_big): Ok
Успешно
2017-Mar-20 08:22:22 Проверка на наличие неотправленных сообщений (check_mail_b_event): Ok
Успешно
2017-Mar-20 08:22:22 Внутреннее перенаправление (функция LocalRedirect) (check_localredirect): Ok
50% done
Connection to test:80	Success

2017-Mar-20 08:22:22 Внутреннее перенаправление (функция LocalRedirect) (check_localredirect): Ok
Connection to test:80	Success

Успешно
2017-Mar-20 08:22:22 Фактическое ограничение памяти (check_memory_limit): Ok
20% done
Connection to test:80	Success

2017-Mar-20 08:22:22 Фактическое ограничение памяти (check_memory_limit): Ok
40% done
Connection to test:80	Success

2017-Mar-20 08:22:22 Фактическое ограничение памяти (check_memory_limit): Ok
60% done
Connection to test:80	Success

2017-Mar-20 08:22:23 Фактическое ограничение памяти (check_memory_limit): Ok
80% done
Connection to test:80	Success

2017-Mar-20 08:22:23 Фактическое ограничение памяти (check_memory_limit): Warning
Connection to test:80	Success

Замечание. Не менее 256 М Значение memory_limit было увеличено с 64M до 512M на момент тестирования через ini_set.
2017-Mar-20 08:22:23 Работа с файлами кеша (check_cache): Ok
Успешно
2017-Mar-20 08:22:24 Доступ к серверу обновлений (check_update): Ok
Успешно
2017-Mar-20 08:22:24 HTTP авторизация (check_http_auth): Ok
Connection to test:80	Success

Успешно
2017-Mar-20 08:22:25 Создание и запуск файла (check_exec): Ok
Connection to test:80	Success

Успешно
2017-Mar-20 08:22:25 Функция getimagesize для swf (check_getimagesize): Ok
Успешно
2017-Mar-20 08:22:25 Версия MySQL-сервера (check_mysql_bug_version): Ok
Успешно
2017-Mar-20 08:22:26 Время на БД и веб-сервере (check_mysql_time): Ok
Успешно
2017-Mar-20 08:22:26 Режим работы MySQL (check_mysql_mode): Fail
Ошибка! Переменная sql_mode в MySQL должна быть пустая, текущее значение: ONLY_FULL_GROUP_BY,STRICT_TRANS_TABLES,NO_ZERO_IN_DATE,NO_ZERO_DATE,ERROR_FOR_DIVISION_BY_ZERO,NO_AUTO_CREATE_USER,NO_ENGINE_SUBSTITUTION
2017-Mar-20 08:22:26 Кодировка соединения (check_mysql_connection_charset): Ok
character_set_connection=utf8, collation_connection=utf8_unicode_ci, character_set_results=utf8
Успешно
2017-Mar-20 08:22:26 Кодировка базы данных (check_mysql_db_charset): Ok
CHARSET=utf8, COLLATION=utf8_unicode_ci
Успешно
2017-Mar-20 08:22:26 Кодировки таблиц в БД (check_mysql_table_charset): Ok
Успешно
2017-Mar-20 08:22:26 Структура базы данных (check_mysql_table_structure): Ok
0% done
2017-Mar-20 08:22:26 Структура базы данных (check_mysql_table_structure): Ok
4% done
2017-Mar-20 08:22:27 Структура базы данных (check_mysql_table_structure): Ok
9% done
2017-Mar-20 08:22:27 Структура базы данных (check_mysql_table_structure): Ok
14% done
2017-Mar-20 08:22:27 Структура базы данных (check_mysql_table_structure): Ok
19% done
2017-Mar-20 08:22:27 Структура базы данных (check_mysql_table_structure): Ok
23% done
2017-Mar-20 08:22:28 Структура базы данных (check_mysql_table_structure): Ok
28% done
2017-Mar-20 08:22:28 Структура базы данных (check_mysql_table_structure): Ok
33% done
2017-Mar-20 08:22:28 Структура базы данных (check_mysql_table_structure): Ok
38% done
2017-Mar-20 08:22:32 Структура базы данных (check_mysql_table_structure): Ok
42% done
2017-Mar-20 08:22:33 Структура базы данных (check_mysql_table_structure): Ok
47% done
2017-Mar-20 08:22:33 Структура базы данных (check_mysql_table_structure): Ok
52% done
2017-Mar-20 08:22:33 Структура базы данных (check_mysql_table_structure): Ok
57% done
2017-Mar-20 08:22:33 Структура базы данных (check_mysql_table_structure): Ok
61% done
2017-Mar-20 08:22:33 Структура базы данных (check_mysql_table_structure): Ok
66% done
2017-Mar-20 08:22:33 Структура базы данных (check_mysql_table_structure): Ok
71% done
2017-Mar-20 08:22:33 Структура базы данных (check_mysql_table_structure): Ok
76% done
2017-Mar-20 08:22:33 Структура базы данных (check_mysql_table_structure): Ok
80% done
2017-Mar-20 08:22:34 Структура базы данных (check_mysql_table_structure): Ok
85% done
2017-Mar-20 08:22:34 Структура базы данных (check_mysql_table_structure): Ok
90% done
2017-Mar-20 08:22:34 Структура базы данных (check_mysql_table_structure): Ok
95% done
2017-Mar-20 08:22:34 Структура базы данных (check_mysql_table_structure): Ok
Успешно
